#### DBGLogOpen Called /media/Infinity/dev/BasicGames/b2c/b2c.cpp[2103]
Loading var translations
  Line='# Functions'
  orig_name='#'
  Line=''
  Line='# Intrinsics (Change mangled name back to original name) '
  orig_name='#'
  Line='SPACE_str     | SPACE'
  orig_name='SPACE_str'
  new_name='SPACE'
  Line='MID_str       | MID'
  orig_name='MID_str'
  new_name='MID'
  Line='CHR_str       | CHR'
  orig_name='CHR_str'
  new_name='CHR'
  Line='RIGHT_str     | RIGHT'
  orig_name='RIGHT_str'
  new_name='RIGHT'
  Line='LEFT_str      | LEFT'
  orig_name='LEFT_str'
  new_name='LEFT'
  Line=''
  Line='# Variables'
  orig_name='#'
  Line='G_int        | VolSide'
  orig_name='G_int'
  new_name='VolSide'
  Line='N_int        | NumTurns'
  orig_name='N_int'
  new_name='NumTurns'
  Line='A_int        | Submarine_East'
  orig_name='A_int'
  new_name='Submarine_East'
  Line='B_int        | Submarine_North'
  orig_name='B_int'
  new_name='Submarine_North'
  Line='C_int        | Submarine_Depth'
  orig_name='C_int'
  new_name='Submarine_Depth'
  Line='D_int        | Turn'
  orig_name='D_int'
  new_name='Turn'
  Line='Y_int        | Grid_North'
  orig_name='Y_int'
  new_name='Grid_North'
  Line='X_int        | Grid_East'
  orig_name='X_int'
  new_name='Grid_East'
  Line='Z_int        | Grid_Depth'
  orig_name='Z_int'
  new_name='Grid_Depth'
  Line=''
  Line='# Line numbers'
  orig_name='#'
  Line='Lbl_01010    | StartGame'
  orig_name='Lbl_01010'
  new_name='StartGame'
  Line='Lbl_01300    | SubmarineHit'
  orig_name='Lbl_01300'
  new_name='SubmarineHit'
  Line='Lbl_01340    | QAnotherGame'
  orig_name='Lbl_01340'
  new_name='QAnotherGame'
  Line='Lbl_01390    | ExitGame'
  orig_name='Lbl_01390'
  new_name='ExitGame'
  Line=''
  Line='Lbl_01430    | Sonar_Test_East'
  orig_name='Lbl_01430'
  new_name='Sonar_Test_East'
  Line='Lbl_01450    | Test_For_Conjunction'
  orig_name='Lbl_01450'
  new_name='Test_For_Conjunction'
  Line='Lbl_01480    | Err_North'
  orig_name='Lbl_01480'
  new_name='Err_North'
  Line='Lbl_01500    | Err_South'
  orig_name='Lbl_01500'
  new_name='Err_South'
  Line='Lbl_01520    | Err_East'
  orig_name='Lbl_01520'
  new_name='Err_East'
  Line='Lbl_01540    | Err_West'
  orig_name='Lbl_01540'
  new_name='Err_West'
  Line='Lbl_01560    | Add_Conjunction'
  orig_name='Lbl_01560'
  new_name='Add_Conjunction'
  Line='Lbl_01570    | Sonar_Test_Depth'
  orig_name='Lbl_01570'
  new_name='Sonar_Test_Depth'
  Line='Lbl_01600    | Err_Low'
  orig_name='Lbl_01600'
  new_name='Err_Low'
  Line='Lbl_01620    | Err_High'
  orig_name='Lbl_01620'
  new_name='Err_High'
  Line='Lbl_01640    | Err_DepthOK'
  orig_name='Lbl_01640'
  new_name='Err_DepthOK'
  Line='Lbl_01650    | Sonar_Report_Complete'
  orig_name='Lbl_01650'
  new_name='Sonar_Report_Complete'
  Line=''
  Line='# Routine names'
  orig_name='#'
  Line='Routine_01400    | SonarReport'
  orig_name='Routine_01400'
  new_name='SonarReport'
Finished loading var translations
Translations:
  'A_int' --> 'Submarine_East'
  'B_int' --> 'Submarine_North'
  'CHR_str' --> 'CHR'
  'C_int' --> 'Submarine_Depth'
  'D_int' --> 'Turn'
  'G_int' --> 'VolSide'
  'LEFT_str' --> 'LEFT'
  'Lbl_01010' --> 'StartGame'
  'Lbl_01300' --> 'SubmarineHit'
  'Lbl_01340' --> 'QAnotherGame'
  'Lbl_01390' --> 'ExitGame'
  'Lbl_01430' --> 'Sonar_Test_East'
  'Lbl_01450' --> 'Test_For_Conjunction'
  'Lbl_01480' --> 'Err_North'
  'Lbl_01500' --> 'Err_South'
  'Lbl_01520' --> 'Err_East'
  'Lbl_01540' --> 'Err_West'
  'Lbl_01560' --> 'Add_Conjunction'
  'Lbl_01570' --> 'Sonar_Test_Depth'
  'Lbl_01600' --> 'Err_Low'
  'Lbl_01620' --> 'Err_High'
  'Lbl_01640' --> 'Err_DepthOK'
  'Lbl_01650' --> 'Sonar_Report_Complete'
  'MID_str' --> 'MID'
  'N_int' --> 'NumTurns'
  'RIGHT_str' --> 'RIGHT'
  'Routine_01400' --> 'SonarReport'
  'SPACE_str' --> 'SPACE'
  'X_int' --> 'Grid_East'
  'Y_int' --> 'Grid_North'
  'Z_int' --> 'Grid_Depth'
End Translations.
(PRINTSTMT)basiclval.stype='N'
(PRINTSTMT)basiclval.stype='D'
(PRINTSTMT)basiclval.stype='B'
(PRINTSTMT)basiclval.stype='A'
(PRINTSTMT)basiclval.stype='C'
(PRINTSTMT)basiclval.stype='D'
